c:\users\aaron appel\desktop\github\qwerke\qwerke_win32\debug\vc141.pdb
c:\users\aaron appel\desktop\github\qwerke\qwerke_win32\debug\vc141.idb
c:\users\aaron appel\desktop\github\qwerke\qwerke_win32\debug\myfilewriter.obj
c:\users\aaron appel\desktop\github\qwerke\qwerke_win32\debug\imgui.obj
c:\users\aaron appel\desktop\github\qwerke\qwerke_win32\debug\imgui_demo.obj
c:\users\aaron appel\desktop\github\qwerke\qwerke_win32\debug\imgui_draw.obj
c:\users\aaron appel\desktop\github\qwerke\qwerke_win32\debug\lodepng.obj
c:\users\aaron appel\desktop\github\qwerke\qwerke_win32\debug\vectormathhelpers.obj
c:\users\aaron appel\desktop\github\qwerke\qwerke_win32\debug\tweenfuncs.obj
c:\users\aaron appel\desktop\github\qwerke\qwerke_win32\debug\objloader.obj
c:\users\aaron appel\desktop\github\qwerke\qwerke_win32\debug\imagehelpers.obj
c:\users\aaron appel\desktop\github\qwerke\qwerke_win32\debug\stringhelpers.obj
c:\users\aaron appel\desktop\github\qwerke\qwerke_win32\debug\mathfunctions.obj
c:\users\aaron appel\desktop\github\qwerke\qwerke_win32\debug\mathstuff.obj
c:\users\aaron appel\desktop\github\qwerke\qwerke_win32\debug\myquaternion.obj
c:\users\aaron appel\desktop\github\qwerke\qwerke_win32\debug\valuechecking.obj
c:\users\aaron appel\desktop\github\qwerke\qwerke_win32\debug\vector.obj
c:\users\aaron appel\desktop\github\qwerke\qwerke_win32\debug\cjsoninterface.obj
c:\users\aaron appel\desktop\github\qwerke\qwerke_win32\debug\fileutilities.obj
c:\users\aaron appel\desktop\github\qwerke\qwerke_win32\debug\assignglfwkeys.obj
c:\users\aaron appel\desktop\github\qwerke\qwerke_win32\debug\assignwin32keys.obj
c:\users\aaron appel\desktop\github\qwerke\qwerke_win32\debug\sprite.obj
c:\users\aaron appel\desktop\github\qwerke\qwerke_win32\debug\mymatrix.obj
c:\users\aaron appel\desktop\github\qwerke\qwerke_win32\debug\basic2dshader.obj
c:\users\aaron appel\desktop\github\qwerke\qwerke_win32\debug\litmaterial.obj
c:\users\aaron appel\desktop\github\qwerke\qwerke_win32\debug\controller.obj
c:\users\aaron appel\desktop\github\qwerke\qwerke_win32\debug\inputmanager.obj
c:\users\aaron appel\desktop\github\qwerke\qwerke_win32\debug\basic3dshader.obj
c:\users\aaron appel\desktop\github\qwerke\qwerke_win32\debug\meshfactory.obj
c:\users\aaron appel\desktop\github\qwerke\qwerke_win32\debug\model.obj
c:\users\aaron appel\desktop\github\qwerke\qwerke_win32\debug\routine.obj
c:\users\aaron appel\desktop\github\qwerke\qwerke_win32\debug\component.obj
c:\users\aaron appel\desktop\github\qwerke\qwerke_win32\debug\openglhelpers.obj
c:\users\aaron appel\desktop\github\qwerke\qwerke_win32\debug\openglmanager.obj
c:\users\aaron appel\desktop\github\qwerke\qwerke_win32\debug\gamestatemanager.obj
c:\users\aaron appel\desktop\github\qwerke\qwerke_win32\debug\meshutilities.obj
c:\users\aaron appel\desktop\github\qwerke\qwerke_win32\debug\barrel.obj
c:\users\aaron appel\desktop\github\qwerke\qwerke_win32\debug\cubemap.obj
c:\users\aaron appel\desktop\github\qwerke\qwerke_win32\debug\framebufferobject.obj
c:\users\aaron appel\desktop\github\qwerke\qwerke_win32\debug\resourcemanager.obj
c:\users\aaron appel\desktop\github\qwerke\qwerke_win32\debug\lightcomponent.obj
c:\users\aaron appel\desktop\github\qwerke\qwerke_win32\debug\qwerke_win32.tlog\cl.command.1.tlog
c:\users\aaron appel\desktop\github\qwerke\qwerke_win32\debug\qwerke_win32.tlog\cl.read.1.tlog
c:\users\aaron appel\desktop\github\qwerke\qwerke_win32\debug\qwerke_win32.tlog\cl.write.1.tlog
