  EasyXinput.cpp
c:\program files (x86)\windows kits\10\include\10.0.16299.0\um\winnt.h(154): fatal error C1189: #error:  "No Target Architecture"
  GameCore.cpp
c:\program files (x86)\windows kits\10\include\10.0.16299.0\um\winnt.h(154): fatal error C1189: #error:  "No Target Architecture"
  DataManager.cpp
c:\program files (x86)\windows kits\10\include\10.0.16299.0\um\winnt.h(154): fatal error C1189: #error:  "No Target Architecture"
  TestScene.cpp
c:\program files (x86)\windows kits\10\include\10.0.16299.0\um\winnt.h(154): fatal error C1189: #error:  "No Target Architecture"
  Scene.cpp
c:\program files (x86)\windows kits\10\include\10.0.16299.0\um\winnt.h(154): fatal error C1189: #error:  "No Target Architecture"
  RenderRoutineUtilities.cpp
c:\program files (x86)\windows kits\10\include\10.0.16299.0\um\winnt.h(154): fatal error C1189: #error:  "No Target Architecture"
  RenderRoutine.cpp
c:\program files (x86)\windows kits\10\include\10.0.16299.0\um\winnt.h(154): fatal error C1189: #error:  "No Target Architecture"
  GameObject.cpp
c:\program files (x86)\windows kits\10\include\10.0.16299.0\um\winnt.h(154): fatal error C1189: #error:  "No Target Architecture"
  ThirdPersonCameraComponent.cpp
c:\program files (x86)\windows kits\10\include\10.0.16299.0\um\winnt.h(154): fatal error C1189: #error:  "No Target Architecture"
  FreeCameraComponent.cpp
c:\program files (x86)\windows kits\10\include\10.0.16299.0\um\winnt.h(154): fatal error C1189: #error:  "No Target Architecture"
  FirstPersonCameraComponent.cpp
c:\program files (x86)\windows kits\10\include\10.0.16299.0\um\winnt.h(154): fatal error C1189: #error:  "No Target Architecture"
  CameraComponent.cpp
c:\program files (x86)\windows kits\10\include\10.0.16299.0\um\winnt.h(154): fatal error C1189: #error:  "No Target Architecture"
  Testing.cpp
c:\program files (x86)\windows kits\10\include\10.0.16299.0\um\winnt.h(154): fatal error C1189: #error:  "No Target Architecture"
  Shapes.cpp
c:\program files (x86)\windows kits\10\include\10.0.16299.0\um\winnt.h(154): fatal error C1189: #error:  "No Target Architecture"
  Lights.cpp
c:\program files (x86)\windows kits\10\include\10.0.16299.0\um\winnt.h(154): fatal error C1189: #error:  "No Target Architecture"
  LevelLoader.cpp
c:\program files (x86)\windows kits\10\include\10.0.16299.0\um\winnt.h(154): fatal error C1189: #error:  "No Target Architecture"
  Factory.cpp
c:\program files (x86)\windows kits\10\include\10.0.16299.0\um\winnt.h(154): fatal error C1189: #error:  "No Target Architecture"
  Characters.cpp
c:\program files (x86)\windows kits\10\include\10.0.16299.0\um\winnt.h(154): fatal error C1189: #error:  "No Target Architecture"
  Cameras.cpp
c:\program files (x86)\windows kits\10\include\10.0.16299.0\um\winnt.h(154): fatal error C1189: #error:  "No Target Architecture"
  Build_Block_Menu.cpp
c:\users\aaron appel\desktop\github\qwerke\shared_generic\libraries\block_menu\menuitems\menuitem.h(63): warning C4305: 'argument': truncation from 'double' to 'float'
c:\program files (x86)\windows kits\10\include\10.0.16299.0\um\winnt.h(154): fatal error C1189: #error:  "No Target Architecture"
  Generating Code...
