MeshShapes.obj : error LNK2005: "public: static class Mesh * __cdecl MeshFactory::CreateBox(class Vector2)" (?CreateBox@MeshFactory@@SAPEAVMesh@@VVector2@@@Z) already defined in MeshFactory.obj
MeshShapes.obj : error LNK2005: "public: static class Mesh * __cdecl MeshFactory::CreateCircle(float,unsigned int,class Vector2)" (?CreateCircle@MeshFactory@@SAPEAVMesh@@MIVVector2@@@Z) already defined in MeshFactory.obj
MeshShapes.obj : error LNK2005: "public: static class Mesh * __cdecl MeshFactory::CreateCube(class Vector3,class Vector2,bool)" (?CreateCube@MeshFactory@@SAPEAVMesh@@VVector3@@VVector2@@_N@Z) already defined in MeshFactory.obj
MeshShapes.obj : error LNK2005: "public: static class Mesh * __cdecl MeshFactory::CreatePlane(class Vector2,class Vector2,class Vector2)" (?CreatePlane@MeshFactory@@SAPEAVMesh@@VVector2@@00@Z) already defined in MeshFactory.obj
MeshShapes.obj : error LNK2005: "public: void __cdecl MeshFactory::GenerateBox(class Mesh *,class Vector2,bool)" (?GenerateBox@MeshFactory@@QEAAXPEAVMesh@@VVector2@@_N@Z) already defined in MeshFactory.obj
MeshShapes.obj : error LNK2005: "public: void __cdecl MeshFactory::GenerateCube(class Mesh *,class Vector3,bool)" (?GenerateCube@MeshFactory@@QEAAXPEAVMesh@@VVector3@@_N@Z) already defined in MeshFactory.obj
MeshUtilities.obj : error LNK2005: "void __cdecl CalculateUVCoords(class std::vector<struct VertexData,class std::allocator<struct VertexData> > &)" (?CalculateUVCoords@@YAXAEAV?$vector@UVertexData@@V?$allocator@UVertexData@@@std@@@std@@@Z) already defined in MeshHelpers.obj
MeshUtilities.obj : error LNK2005: "void __cdecl CalculateUVCoords(struct VertexData * const,int)" (?CalculateUVCoords@@YAXQEAUVertexData@@H@Z) already defined in MeshHelpers.obj
MeshUtilities.obj : error LNK2005: "void __cdecl CalculateXZUVCoords(struct VertexData * const,int)" (?CalculateXZUVCoords@@YAXQEAUVertexData@@H@Z) already defined in MeshHelpers.obj
MeshUtilities.obj : error LNK2005: "void __cdecl InvertFaces(unsigned int * const,unsigned int)" (?InvertFaces@@YAXQEAII@Z) already defined in MeshHelpers.obj
MeshUtilities.obj : error LNK2005: "void __cdecl PaintObject(class std::vector<struct VertexData,class std::allocator<struct VertexData> > &,class Vector4)" (?PaintObject@@YAXAEAV?$vector@UVertexData@@V?$allocator@UVertexData@@@std@@@std@@VVector4@@@Z) already defined in MeshHelpers.obj
MeshUtilities.obj : error LNK2005: "void __cdecl ScaleUVCOORDS(struct VertexData * const,int,class Vector2)" (?ScaleUVCOORDS@@YAXQEAUVertexData@@HVVector2@@@Z) already defined in MeshHelpers.obj
MeshUtilities.obj : error LNK2005: "void __cdecl ScaleVertices(struct VertexData * const,int,class Vector3)" (?ScaleVertices@@YAXQEAUVertexData@@HVVector3@@@Z) already defined in MeshHelpers.obj
QwerkE.obj : error LNK2005: main already defined in main.obj
FrameBufferObject.obj : error LNK2001: unresolved external symbol __imp___glewBindFramebuffer
FrameBufferObject.obj : error LNK2001: unresolved external symbol __imp___glewBindRenderbuffer
FrameBufferObject.obj : error LNK2001: unresolved external symbol __imp___glewCheckFramebufferStatus
FrameBufferObject.obj : error LNK2001: unresolved external symbol __imp___glewFramebufferRenderbuffer
FrameBufferObject.obj : error LNK2001: unresolved external symbol __imp___glewFramebufferTexture2D
FrameBufferObject.obj : error LNK2001: unresolved external symbol __imp___glewGenFramebuffers
FrameBufferObject.obj : error LNK2001: unresolved external symbol __imp___glewGenRenderbuffers
FrameBufferObject.obj : error LNK2001: unresolved external symbol __imp___glewRenderbufferStorage
MenuWindow.obj : error LNK2001: unresolved external symbol "int g_WindowWidth" (?g_WindowWidth@@3HA)
Build_Block_Menu.obj : error LNK2001: unresolved external symbol "int g_WindowWidth" (?g_WindowWidth@@3HA)
Scene.obj : error LNK2001: unresolved external symbol "int g_WindowWidth" (?g_WindowWidth@@3HA)
FrameBufferObject.obj : error LNK2001: unresolved external symbol "int g_WindowWidth" (?g_WindowWidth@@3HA)
AddItem.obj : error LNK2001: unresolved external symbol "int g_WindowWidth" (?g_WindowWidth@@3HA)
MenuItem.obj : error LNK2001: unresolved external symbol "int g_WindowWidth" (?g_WindowWidth@@3HA)
ExampleWindow.obj : error LNK2001: unresolved external symbol "int g_WindowWidth" (?g_WindowWidth@@3HA)
MenuWindow.obj : error LNK2001: unresolved external symbol "int g_WindowHeight" (?g_WindowHeight@@3HA)
Build_Block_Menu.obj : error LNK2001: unresolved external symbol "int g_WindowHeight" (?g_WindowHeight@@3HA)
Scene.obj : error LNK2001: unresolved external symbol "int g_WindowHeight" (?g_WindowHeight@@3HA)
FrameBufferObject.obj : error LNK2001: unresolved external symbol "int g_WindowHeight" (?g_WindowHeight@@3HA)
AddItem.obj : error LNK2001: unresolved external symbol "int g_WindowHeight" (?g_WindowHeight@@3HA)
MenuItem.obj : error LNK2001: unresolved external symbol "int g_WindowHeight" (?g_WindowHeight@@3HA)
ExampleWindow.obj : error LNK2001: unresolved external symbol "int g_WindowHeight" (?g_WindowHeight@@3HA)
Mesh.obj : error LNK2001: unresolved external symbol __imp___glewBindBuffer
imgui_impl_glfw_gl3.obj : error LNK2001: unresolved external symbol __imp___glewBindBuffer
Mesh.obj : error LNK2001: unresolved external symbol __imp___glewBufferData
imgui_impl_glfw_gl3.obj : error LNK2001: unresolved external symbol __imp___glewBufferData
Mesh.obj : error LNK2001: unresolved external symbol __imp___glewDeleteBuffers
imgui_impl_glfw_gl3.obj : error LNK2001: unresolved external symbol __imp___glewDeleteBuffers
Mesh.obj : error LNK2001: unresolved external symbol __imp___glewGenBuffers
imgui_impl_glfw_gl3.obj : error LNK2001: unresolved external symbol __imp___glewGenBuffers
Mesh.obj : error LNK2001: unresolved external symbol __imp___glewEnableVertexAttribArray
imgui_impl_glfw_gl3.obj : error LNK2001: unresolved external symbol __imp___glewEnableVertexAttribArray
Mesh.obj : error LNK2001: unresolved external symbol __imp___glewGetAttribLocation
imgui_impl_glfw_gl3.obj : error LNK2001: unresolved external symbol __imp___glewGetAttribLocation
Mesh.obj : error LNK2001: unresolved external symbol __imp___glewVertexAttribPointer
imgui_impl_glfw_gl3.obj : error LNK2001: unresolved external symbol __imp___glewVertexAttribPointer
Mesh.obj : error LNK2001: unresolved external symbol __imp___glewBindVertexArray
imgui_impl_glfw_gl3.obj : error LNK2001: unresolved external symbol __imp___glewBindVertexArray
Mesh.obj : error LNK2001: unresolved external symbol __imp___glewDeleteVertexArrays
imgui_impl_glfw_gl3.obj : error LNK2001: unresolved external symbol __imp___glewDeleteVertexArrays
Mesh.obj : error LNK2001: unresolved external symbol __imp___glewGenVertexArrays
imgui_impl_glfw_gl3.obj : error LNK2001: unresolved external symbol __imp___glewGenVertexArrays
OpenGLHelpers.obj : error LNK2001: unresolved external symbol __imp___glewActiveTexture
ShaderProgram.obj : error LNK2001: unresolved external symbol __imp___glewActiveTexture
imgui_impl_glfw_gl3.obj : error LNK2001: unresolved external symbol __imp___glewActiveTexture
RenderRoutineUtilities.obj : error LNK2001: unresolved external symbol __imp___glewActiveTexture
ShaderProgram.obj : error LNK2001: unresolved external symbol __imp___glewAttachShader
imgui_impl_glfw_gl3.obj : error LNK2001: unresolved external symbol __imp___glewAttachShader
ShaderProgram.obj : error LNK2001: unresolved external symbol __imp___glewCompileShader
imgui_impl_glfw_gl3.obj : error LNK2001: unresolved external symbol __imp___glewCompileShader
ShaderProgram.obj : error LNK2001: unresolved external symbol __imp___glewCreateProgram
imgui_impl_glfw_gl3.obj : error LNK2001: unresolved external symbol __imp___glewCreateProgram
ShaderProgram.obj : error LNK2001: unresolved external symbol __imp___glewCreateShader
imgui_impl_glfw_gl3.obj : error LNK2001: unresolved external symbol __imp___glewCreateShader
ShaderProgram.obj : error LNK2001: unresolved external symbol __imp___glewDeleteProgram
imgui_impl_glfw_gl3.obj : error LNK2001: unresolved external symbol __imp___glewDeleteProgram
ShaderProgram.obj : error LNK2001: unresolved external symbol __imp___glewDeleteShader
imgui_impl_glfw_gl3.obj : error LNK2001: unresolved external symbol __imp___glewDeleteShader
ShaderProgram.obj : error LNK2001: unresolved external symbol __imp___glewDetachShader
imgui_impl_glfw_gl3.obj : error LNK2001: unresolved external symbol __imp___glewDetachShader
ShaderProgram.obj : error LNK2001: unresolved external symbol __imp___glewGetProgramInfoLog
ShaderProgram.obj : error LNK2001: unresolved external symbol __imp___glewGetProgramiv
ShaderProgram.obj : error LNK2001: unresolved external symbol __imp___glewGetShaderInfoLog
ShaderProgram.obj : error LNK2001: unresolved external symbol __imp___glewGetShaderiv
ShaderProgram.obj : error LNK2001: unresolved external symbol __imp___glewGetUniformLocation
imgui_impl_glfw_gl3.obj : error LNK2001: unresolved external symbol __imp___glewGetUniformLocation
ShaderProgram.obj : error LNK2001: unresolved external symbol __imp___glewLinkProgram
imgui_impl_glfw_gl3.obj : error LNK2001: unresolved external symbol __imp___glewLinkProgram
ShaderProgram.obj : error LNK2001: unresolved external symbol __imp___glewShaderSource
imgui_impl_glfw_gl3.obj : error LNK2001: unresolved external symbol __imp___glewShaderSource
ShaderProgram.obj : error LNK2001: unresolved external symbol __imp___glewUniform1f
ShaderProgram.obj : error LNK2001: unresolved external symbol __imp___glewUniform1i
imgui_impl_glfw_gl3.obj : error LNK2001: unresolved external symbol __imp___glewUniform1i
ShaderProgram.obj : error LNK2001: unresolved external symbol __imp___glewUniform2f
ShaderProgram.obj : error LNK2001: unresolved external symbol __imp___glewUniform2i
ShaderProgram.obj : error LNK2001: unresolved external symbol __imp___glewUniform3f
ShaderProgram.obj : error LNK2001: unresolved external symbol __imp___glewUniform3i
ShaderProgram.obj : error LNK2001: unresolved external symbol __imp___glewUniform4f
ShaderProgram.obj : error LNK2001: unresolved external symbol __imp___glewUniform4i
ShaderProgram.obj : error LNK2001: unresolved external symbol __imp___glewUniformMatrix4fv
imgui_impl_glfw_gl3.obj : error LNK2001: unresolved external symbol __imp___glewUniformMatrix4fv
MenuWindow.obj : error LNK2001: unresolved external symbol __imp___glewUseProgram
imgui_impl_glfw_gl3.obj : error LNK2001: unresolved external symbol __imp___glewUseProgram
RenderRoutine.obj : error LNK2001: unresolved external symbol __imp___glewUseProgram
Sprite.obj : error LNK2001: unresolved external symbol __imp___glewUseProgram
AddItem.obj : error LNK2001: unresolved external symbol __imp___glewUseProgram
ImageItem.obj : error LNK2001: unresolved external symbol __imp___glewUseProgram
MenuItem.obj : error LNK2001: unresolved external symbol __imp___glewUseProgram
MenuItem.obj : error LNK2019: unresolved external symbol glfwGetTime referenced in function "public: virtual void __cdecl MenuItem::Update(class Vector2)" (?Update@MenuItem@@UEAAXVVector2@@@Z)
imgui_impl_glfw_gl3.obj : error LNK2001: unresolved external symbol glfwGetTime
EasyXinput.obj : error LNK2019: unresolved external symbol XInputGetState referenced in function "public: bool __cdecl XinputHandler::UpdatePlayerState(int)" (?UpdatePlayerState@XinputHandler@@QEAA_NH@Z)
imgui_impl_glfw_gl3.obj : error LNK2019: unresolved external symbol glfwGetWindowSize referenced in function "void __cdecl ImGui_ImplGlfwGL3_NewFrame(void)" (?ImGui_ImplGlfwGL3_NewFrame@@YAXXZ)
MyImGUI.obj : error LNK2001: unresolved external symbol glfwGetWindowSize
DebugHelpers.obj : error LNK2001: unresolved external symbol glfwGetWindowSize
imgui_impl_glfw_gl3.obj : error LNK2019: unresolved external symbol glfwGetFramebufferSize referenced in function "void __cdecl ImGui_ImplGlfwGL3_NewFrame(void)" (?ImGui_ImplGlfwGL3_NewFrame@@YAXXZ)
main.obj : error LNK2001: unresolved external symbol glfwGetFramebufferSize
imgui_impl_glfw_gl3.obj : error LNK2019: unresolved external symbol glfwGetWindowAttrib referenced in function "void __cdecl ImGui_ImplGlfwGL3_NewFrame(void)" (?ImGui_ImplGlfwGL3_NewFrame@@YAXXZ)
imgui_impl_glfw_gl3.obj : error LNK2019: unresolved external symbol glfwSetInputMode referenced in function "void __cdecl ImGui_ImplGlfwGL3_NewFrame(void)" (?ImGui_ImplGlfwGL3_NewFrame@@YAXXZ)
imgui_impl_glfw_gl3.obj : error LNK2019: unresolved external symbol glfwGetMouseButton referenced in function "void __cdecl ImGui_ImplGlfwGL3_NewFrame(void)" (?ImGui_ImplGlfwGL3_NewFrame@@YAXXZ)
imgui_impl_glfw_gl3.obj : error LNK2019: unresolved external symbol glfwGetCursorPos referenced in function "void __cdecl ImGui_ImplGlfwGL3_NewFrame(void)" (?ImGui_ImplGlfwGL3_NewFrame@@YAXXZ)
imgui_impl_glfw_gl3.obj : error LNK2019: unresolved external symbol glfwSetCursorPos referenced in function "void __cdecl ImGui_ImplGlfwGL3_NewFrame(void)" (?ImGui_ImplGlfwGL3_NewFrame@@YAXXZ)
imgui_impl_glfw_gl3.obj : error LNK2019: unresolved external symbol glfwSetKeyCallback referenced in function "bool __cdecl ImGui_ImplGlfwGL3_Init(struct GLFWwindow *,bool)" (?ImGui_ImplGlfwGL3_Init@@YA_NPEAUGLFWwindow@@_N@Z)
imgui_impl_glfw_gl3.obj : error LNK2019: unresolved external symbol glfwSetCharCallback referenced in function "bool __cdecl ImGui_ImplGlfwGL3_Init(struct GLFWwindow *,bool)" (?ImGui_ImplGlfwGL3_Init@@YA_NPEAUGLFWwindow@@_N@Z)
imgui_impl_glfw_gl3.obj : error LNK2019: unresolved external symbol glfwSetMouseButtonCallback referenced in function "bool __cdecl ImGui_ImplGlfwGL3_Init(struct GLFWwindow *,bool)" (?ImGui_ImplGlfwGL3_Init@@YA_NPEAUGLFWwindow@@_N@Z)
imgui_impl_glfw_gl3.obj : error LNK2019: unresolved external symbol glfwSetScrollCallback referenced in function "bool __cdecl ImGui_ImplGlfwGL3_Init(struct GLFWwindow *,bool)" (?ImGui_ImplGlfwGL3_Init@@YA_NPEAUGLFWwindow@@_N@Z)
imgui_impl_glfw_gl3.obj : error LNK2019: unresolved external symbol glfwGetJoystickAxes referenced in function "void __cdecl ImGui_ImplGlfwGL3_NewFrame(void)" (?ImGui_ImplGlfwGL3_NewFrame@@YAXXZ)
imgui_impl_glfw_gl3.obj : error LNK2019: unresolved external symbol glfwGetJoystickButtons referenced in function "void __cdecl ImGui_ImplGlfwGL3_NewFrame(void)" (?ImGui_ImplGlfwGL3_NewFrame@@YAXXZ)
imgui_impl_glfw_gl3.obj : error LNK2019: unresolved external symbol glfwSetClipboardString referenced in function "void __cdecl ImGui_ImplGlfwGL3_SetClipboardText(void *,char const *)" (?ImGui_ImplGlfwGL3_SetClipboardText@@YAXPEAXPEBD@Z)
imgui_impl_glfw_gl3.obj : error LNK2019: unresolved external symbol glfwGetClipboardString referenced in function "char const * __cdecl ImGui_ImplGlfwGL3_GetClipboardText(void *)" (?ImGui_ImplGlfwGL3_GetClipboardText@@YAPEBDPEAX@Z)
imgui_impl_glfw_gl3.obj : error LNK2019: unresolved external symbol glfwGetWin32Window referenced in function "bool __cdecl ImGui_ImplGlfwGL3_Init(struct GLFWwindow *,bool)" (?ImGui_ImplGlfwGL3_Init@@YA_NPEAUGLFWwindow@@_N@Z)
imgui_impl_glfw_gl3.obj : error LNK2001: unresolved external symbol __imp___glewBlendEquation
imgui_impl_glfw_gl3.obj : error LNK2001: unresolved external symbol __imp___glewBlendFuncSeparate
imgui_impl_glfw_gl3.obj : error LNK2001: unresolved external symbol __imp___glewBlendEquationSeparate
imgui_impl_glfw_gl3.obj : error LNK2001: unresolved external symbol __imp___glewBindSampler
main.obj : error LNK2019: unresolved external symbol __imp_glewInit referenced in function main
main.obj : error LNK2019: unresolved external symbol glfwInit referenced in function main
main.obj : error LNK2019: unresolved external symbol glfwTerminate referenced in function main
main.obj : error LNK2019: unresolved external symbol glfwSetErrorCallback referenced in function main
main.obj : error LNK2019: unresolved external symbol glfwWindowHint referenced in function main
main.obj : error LNK2019: unresolved external symbol glfwCreateWindow referenced in function main
main.obj : error LNK2019: unresolved external symbol glfwWindowShouldClose referenced in function main
main.obj : error LNK2019: unresolved external symbol glfwPollEvents referenced in function main
main.obj : error LNK2019: unresolved external symbol glfwMakeContextCurrent referenced in function main
main.obj : error LNK2019: unresolved external symbol glfwSwapBuffers referenced in function main
main.obj : error LNK2019: unresolved external symbol glfwSwapInterval referenced in function main
DebugHelpers.obj : error LNK2019: unresolved external symbol glfwGetKey referenced in function "bool __cdecl debug_IsKeyDown(int)" (?debug_IsKeyDown@@YA_NH@Z)
DebugHelpers.obj : error LNK2001: unresolved external symbol "class Controller * g_Player1Controller" (?g_Player1Controller@@3PEAVController@@EA)
DebugHelpers.obj : error LNK2001: unresolved external symbol "class MyGLFW * g_MainWindow" (?g_MainWindow@@3PEAVMyGLFW@@EA)
DebugHelpers.obj : error LNK2001: unresolved external symbol "class GameCore * g_GameCore" (?g_GameCore@@3PEAVGameCore@@EA)
DebugHelpers.obj : error LNK2001: unresolved external symbol "double g_TimeSinceExe" (?g_TimeSinceExe@@3NA)
C:\Users\Aaron Appel\Desktop\GitHub\QwerkE\Shared_Generic\Libraries\glew\\glew32d.lib : warning LNK4272: library machine type 'x86' conflicts with target machine type 'x64'
C:\Users\Aaron Appel\Desktop\GitHub\QwerkE\Shared_Generic\Libraries\glfw\\glfw3dll.lib : warning LNK4272: library machine type 'x86' conflicts with target machine type 'x64'
C:\Users\Aaron Appel\Desktop\GitHub\QwerkE\x64\Debug\QwerkE_Win32.exe : fatal error LNK1120: 83 unresolved externals
